  stdafx.cpp
  ConsoleApplication2.cpp
c:\users\dragos\documents\visual studio 2015\projects\consoleapplication2\consoleapplication2\consoleapplication2.cpp(25): warning C4267: '=': conversion from 'size_t' to 'USHORT', possible loss of data
LINK : warning LNK4098: defaultlib 'LIBCMTD' conflicts with use of other libs; use /NODEFAULTLIB:library
libcpmtd.lib(xlocale.obj) : error LNK2001: unresolved external symbol __calloc_dbg
ConsoleApplication2.obj : error LNK2001: unresolved external symbol __calloc_dbg
libcpmtd.lib(_tolower.obj) : error LNK2001: unresolved external symbol __calloc_dbg
libcpmtd.lib(locale.obj) : error LNK2001: unresolved external symbol __calloc_dbg
libcpmtd.lib(wlocale.obj) : error LNK2001: unresolved external symbol __calloc_dbg
libcpmtd.lib(StlCompareStringA.obj) : error LNK2001: unresolved external symbol __free_dbg
libcpmtd.lib(locale.obj) : error LNK2001: unresolved external symbol __free_dbg
libcpmtd.lib(wlocale.obj) : error LNK2001: unresolved external symbol __free_dbg
libcpmtd.lib(xlocale.obj) : error LNK2001: unresolved external symbol __free_dbg
libcpmtd.lib(xwcsxfrm.obj) : error LNK2001: unresolved external symbol __free_dbg
ConsoleApplication2.obj : error LNK2001: unresolved external symbol __free_dbg
libcpmtd.lib(locale0.obj) : error LNK2001: unresolved external symbol __free_dbg
libcpmtd.lib(cout.obj) : error LNK2001: unresolved external symbol __free_dbg
libcpmtd.lib(StlLCMapStringA.obj) : error LNK2001: unresolved external symbol __free_dbg
libcpmtd.lib(StlCompareStringA.obj) : error LNK2001: unresolved external symbol __malloc_dbg
libcpmtd.lib(locale.obj) : error LNK2001: unresolved external symbol __malloc_dbg
libcpmtd.lib(wlocale.obj) : error LNK2001: unresolved external symbol __malloc_dbg
libcpmtd.lib(xlocale.obj) : error LNK2001: unresolved external symbol __malloc_dbg
libcpmtd.lib(xwcsxfrm.obj) : error LNK2001: unresolved external symbol __malloc_dbg
ConsoleApplication2.obj : error LNK2001: unresolved external symbol __malloc_dbg
libcpmtd.lib(locale0.obj) : error LNK2001: unresolved external symbol __malloc_dbg
libcpmtd.lib(cout.obj) : error LNK2001: unresolved external symbol __malloc_dbg
libcpmtd.lib(StlLCMapStringA.obj) : error LNK2001: unresolved external symbol __malloc_dbg
libcpmtd.lib(xmbtowc.obj) : error LNK2001: unresolved external symbol __CrtDbgReportW
libcpmtd.lib(StlCompareStringA.obj) : error LNK2001: unresolved external symbol __CrtDbgReportW
libcpmtd.lib(StlLCMapStringA.obj) : error LNK2001: unresolved external symbol __CrtDbgReportW
libcpmtd.lib(locale.obj) : error LNK2001: unresolved external symbol __CrtDbgReportW
libcpmtd.lib(wlocale.obj) : error LNK2001: unresolved external symbol __CrtDbgReportW
libcpmtd.lib(xlocale.obj) : error LNK2001: unresolved external symbol __CrtDbgReportW
ConsoleApplication2.obj : error LNK2001: unresolved external symbol __CrtDbgReportW
libcpmtd.lib(stdthrow.obj) : error LNK2001: unresolved external symbol __CrtDbgReportW
libcpmtd.lib(syserror.obj) : error LNK2001: unresolved external symbol __CrtDbgReportW
libcpmtd.lib(cout.obj) : error LNK2001: unresolved external symbol __CrtDbgReportW
libcpmtd.lib(_tolower.obj) : error LNK2019: unresolved external symbol __wcsdup_dbg referenced in function __Getctype
libcpmtd.lib(xstrcoll.obj) : error LNK2001: unresolved external symbol __wcsdup_dbg
libcpmtd.lib(locale.obj) : error LNK2019: unresolved external symbol __realloc_dbg referenced in function "private: static void __cdecl std::locale::_Locimp::_Locimp_Addfac(class std::locale::_Locimp *,class std::locale::facet *,unsigned int)" (?_Locimp_Addfac@_Locimp@locale@std@@CAXPAV123@PAVfacet@23@I@Z)
c:\users\dragos\documents\visual studio 2015\Projects\ConsoleApplication2\Debug\ConsoleApplication2.exe : fatal error LNK1120: 6 unresolved externals
